c:\users\sky the foxx\source\repos\monoxidereversed\monoxide\x64\debug\vc141.pdb
c:\users\sky the foxx\source\repos\monoxidereversed\monoxide\x64\debug\vc141.idb
c:\users\sky the foxx\source\repos\monoxidereversed\monoxide\x64\debug\threads.obj
c:\users\sky the foxx\source\repos\monoxidereversed\monoxide\x64\debug\payloads.obj
c:\users\sky the foxx\source\repos\monoxidereversed\monoxide\x64\debug\math.obj
c:\users\sky the foxx\source\repos\monoxidereversed\monoxide\x64\debug\main.obj
c:\users\sky the foxx\source\repos\monoxidereversed\monoxide\x64\debug\extra_payloads.obj
c:\users\sky the foxx\source\repos\monoxidereversed\monoxide\x64\debug\destruction.obj
c:\users\sky the foxx\source\repos\monoxidereversed\monoxide\x64\debug\color.obj
c:\users\sky the foxx\source\repos\monoxidereversed\monoxide\x64\debug\callbacks.obj
c:\users\sky the foxx\source\repos\monoxidereversed\x64\debug\monoxidereversed.exe
c:\users\sky the foxx\source\repos\monoxidereversed\x64\debug\monoxidereversed.ilk
c:\users\sky the foxx\source\repos\monoxidereversed\x64\debug\monoxidereversed.pdb
c:\users\sky the foxx\source\repos\monoxidereversed\monoxide\x64\debug\monoxide.res
c:\users\sky the foxx\source\repos\monoxidereversed\monoxide\x64\debug\monoxide.tlog\cl.command.1.tlog
c:\users\sky the foxx\source\repos\monoxidereversed\monoxide\x64\debug\monoxide.tlog\cl.read.1.tlog
c:\users\sky the foxx\source\repos\monoxidereversed\monoxide\x64\debug\monoxide.tlog\cl.write.1.tlog
c:\users\sky the foxx\source\repos\monoxidereversed\monoxide\x64\debug\monoxide.tlog\link.command.1.tlog
c:\users\sky the foxx\source\repos\monoxidereversed\monoxide\x64\debug\monoxide.tlog\link.read.1.tlog
c:\users\sky the foxx\source\repos\monoxidereversed\monoxide\x64\debug\monoxide.tlog\link.write.1.tlog
c:\users\sky the foxx\source\repos\monoxidereversed\monoxide\x64\debug\monoxide.tlog\rc.command.1.tlog
c:\users\sky the foxx\source\repos\monoxidereversed\monoxide\x64\debug\monoxide.tlog\rc.read.1.tlog
c:\users\sky the foxx\source\repos\monoxidereversed\monoxide\x64\debug\monoxide.tlog\rc.write.1.tlog
