c:\users\sky the foxx\source\repos\monoxidereversed\monoxide\release\vc141.pdb
c:\users\sky the foxx\source\repos\monoxidereversed\monoxide\release\threads.obj
c:\users\sky the foxx\source\repos\monoxidereversed\monoxide\release\payloads.obj
c:\users\sky the foxx\source\repos\monoxidereversed\monoxide\release\math.obj
c:\users\sky the foxx\source\repos\monoxidereversed\monoxide\release\main.obj
c:\users\sky the foxx\source\repos\monoxidereversed\monoxide\release\extra_payloads.obj
c:\users\sky the foxx\source\repos\monoxidereversed\monoxide\release\destruction.obj
c:\users\sky the foxx\source\repos\monoxidereversed\monoxide\release\color.obj
c:\users\sky the foxx\source\repos\monoxidereversed\monoxide\release\callbacks.obj
c:\users\sky the foxx\source\repos\monoxidereversed\release\monoxidex86.exe
c:\users\sky the foxx\source\repos\monoxidereversed\release\monoxidex86.ipdb
c:\users\sky the foxx\source\repos\monoxidereversed\release\monoxidex86.iobj
c:\users\sky the foxx\source\repos\monoxidereversed\monoxide\release\monoxide.res
c:\users\sky the foxx\source\repos\monoxidereversed\monoxide\release\monoxide.tlog\cl.command.1.tlog
c:\users\sky the foxx\source\repos\monoxidereversed\monoxide\release\monoxide.tlog\cl.read.1.tlog
c:\users\sky the foxx\source\repos\monoxidereversed\monoxide\release\monoxide.tlog\cl.write.1.tlog
c:\users\sky the foxx\source\repos\monoxidereversed\monoxide\release\monoxide.tlog\link.command.1.tlog
c:\users\sky the foxx\source\repos\monoxidereversed\monoxide\release\monoxide.tlog\link.read.1.tlog
c:\users\sky the foxx\source\repos\monoxidereversed\monoxide\release\monoxide.tlog\link.write.1.tlog
c:\users\sky the foxx\source\repos\monoxidereversed\monoxide\release\monoxide.tlog\monoxide.write.1u.tlog
c:\users\sky the foxx\source\repos\monoxidereversed\monoxide\release\monoxide.tlog\rc.command.1.tlog
c:\users\sky the foxx\source\repos\monoxidereversed\monoxide\release\monoxide.tlog\rc.read.1.tlog
c:\users\sky the foxx\source\repos\monoxidereversed\monoxide\release\monoxide.tlog\rc.write.1.tlog
