c:\users\sky the foxx\source\repos\monoxidereversed\monoxide\x64\release\vc141.pdb
c:\users\sky the foxx\source\repos\monoxidereversed\monoxide\x64\release\threads.obj
c:\users\sky the foxx\source\repos\monoxidereversed\monoxide\x64\release\payloads.obj
c:\users\sky the foxx\source\repos\monoxidereversed\monoxide\x64\release\math.obj
c:\users\sky the foxx\source\repos\monoxidereversed\monoxide\x64\release\main.obj
c:\users\sky the foxx\source\repos\monoxidereversed\monoxide\x64\release\extra_payloads.obj
c:\users\sky the foxx\source\repos\monoxidereversed\monoxide\x64\release\destruction.obj
c:\users\sky the foxx\source\repos\monoxidereversed\monoxide\x64\release\color.obj
c:\users\sky the foxx\source\repos\monoxidereversed\monoxide\x64\release\callbacks.obj
c:\users\sky the foxx\source\repos\monoxidereversed\x64\release\monoxidex64.exe
c:\users\sky the foxx\source\repos\monoxidereversed\x64\release\monoxidex64.ipdb
c:\users\sky the foxx\source\repos\monoxidereversed\x64\release\monoxidex64.iobj
c:\users\sky the foxx\source\repos\monoxidereversed\monoxide\x64\release\monoxide.res
c:\users\sky the foxx\source\repos\monoxidereversed\monoxide\x64\release\monoxide.tlog\cl.command.1.tlog
c:\users\sky the foxx\source\repos\monoxidereversed\monoxide\x64\release\monoxide.tlog\cl.read.1.tlog
c:\users\sky the foxx\source\repos\monoxidereversed\monoxide\x64\release\monoxide.tlog\cl.write.1.tlog
c:\users\sky the foxx\source\repos\monoxidereversed\monoxide\x64\release\monoxide.tlog\link.command.1.tlog
c:\users\sky the foxx\source\repos\monoxidereversed\monoxide\x64\release\monoxide.tlog\link.read.1.tlog
c:\users\sky the foxx\source\repos\monoxidereversed\monoxide\x64\release\monoxide.tlog\link.write.1.tlog
c:\users\sky the foxx\source\repos\monoxidereversed\monoxide\x64\release\monoxide.tlog\monoxide.write.1u.tlog
c:\users\sky the foxx\source\repos\monoxidereversed\monoxide\x64\release\monoxide.tlog\rc.command.1.tlog
c:\users\sky the foxx\source\repos\monoxidereversed\monoxide\x64\release\monoxide.tlog\rc.read.1.tlog
c:\users\sky the foxx\source\repos\monoxidereversed\monoxide\x64\release\monoxide.tlog\rc.write.1.tlog
