c:\users\sky the foxx\source\repos\monoxidereversed\monoxide\debug\vc141.pdb
c:\users\sky the foxx\source\repos\monoxidereversed\monoxide\debug\vc141.idb
c:\users\sky the foxx\source\repos\monoxidereversed\monoxide\debug\threads.obj
c:\users\sky the foxx\source\repos\monoxidereversed\monoxide\debug\payloads.obj
c:\users\sky the foxx\source\repos\monoxidereversed\monoxide\debug\math.obj
c:\users\sky the foxx\source\repos\monoxidereversed\monoxide\debug\main.obj
c:\users\sky the foxx\source\repos\monoxidereversed\monoxide\debug\extra_payloads.obj
c:\users\sky the foxx\source\repos\monoxidereversed\monoxide\debug\destruction.obj
c:\users\sky the foxx\source\repos\monoxidereversed\monoxide\debug\color.obj
c:\users\sky the foxx\source\repos\monoxidereversed\monoxide\debug\callbacks.obj
c:\users\sky the foxx\source\repos\monoxidereversed\debug\monoxidereversed.ilk
c:\users\sky the foxx\source\repos\monoxidereversed\debug\monoxidereversed.exe
c:\users\sky the foxx\source\repos\monoxidereversed\debug\monoxidereversed.pdb
c:\users\sky the foxx\source\repos\monoxidereversed\monoxide\debug\monoxide.res
c:\users\sky the foxx\source\repos\monoxidereversed\monoxide\debug\monoxide.tlog\cl.command.1.tlog
c:\users\sky the foxx\source\repos\monoxidereversed\monoxide\debug\monoxide.tlog\cl.read.1.tlog
c:\users\sky the foxx\source\repos\monoxidereversed\monoxide\debug\monoxide.tlog\cl.write.1.tlog
c:\users\sky the foxx\source\repos\monoxidereversed\monoxide\debug\monoxide.tlog\link.command.1.tlog
c:\users\sky the foxx\source\repos\monoxidereversed\monoxide\debug\monoxide.tlog\link.read.1.tlog
c:\users\sky the foxx\source\repos\monoxidereversed\monoxide\debug\monoxide.tlog\link.write.1.tlog
c:\users\sky the foxx\source\repos\monoxidereversed\monoxide\debug\monoxide.tlog\rc.command.1.tlog
c:\users\sky the foxx\source\repos\monoxidereversed\monoxide\debug\monoxide.tlog\rc.read.1.tlog
c:\users\sky the foxx\source\repos\monoxidereversed\monoxide\debug\monoxide.tlog\rc.write.1.tlog
